<?xml version="1.0" encoding="UTF-8"?>
<!-- Generated by org.testng.reporters.JUnitReportReporter -->
<testsuite hostname="K463LTRV" failures="0" tests="1" name="ust.AppiumAssessment.runner.TestRunner" time="44.069" errors="0" timestamp="2024-06-14T12:59:34 IST" skipped="0">
  <testcase classname="ust.AppiumAssessment.runner.TestRunner" name="runScenario" time="44.069"/>
</testsuite> <!-- ust.AppiumAssessment.runner.TestRunner -->
