<?xml version="1.0" encoding="UTF-8"?>
<!-- Generated by org.testng.reporters.JUnitReportReporter -->
<testsuite hostname="K463LTRV" failures="0" tests="5" name="ust.AppiumAssessment.tests.MainTests" time="20.839" errors="0" timestamp="2024-06-19T12:15:00 IST" skipped="0">
  <testcase classname="ust.AppiumAssessment.tests.MainTests" name="bedTimeOptionClickTest" time="4.099"/>
  <testcase classname="ust.AppiumAssessment.tests.MainTests" name="getStartedOptionClickTest" time="4.223"/>
  <testcase classname="ust.AppiumAssessment.tests.MainTests" name="addNewBedTimeTest" time="5.074"/>
  <testcase classname="ust.AppiumAssessment.tests.MainTests" name="savingNewTimeTest" time="4.068"/>
  <testcase classname="ust.AppiumAssessment.tests.MainTests" name="checkSavedBedTime" time="3.375"/>
</testsuite> <!-- ust.AppiumAssessment.tests.MainTests -->
